1585943694.832241 client started (23716): version 3.0a, socket /private/tmp/tmux-501/default, protocol 8
1585943694.832286 on Darwin 19.3.0 Darwin Kernel Version 19.3.0: Thu Jan  9 20:58:23 PST 2020; root:xnu-6153.81.5~1/RELEASE_X86_64; libevent 2.1.11-stable (select)
1585943694.832323 socket is /private/tmp/tmux-501/default
1585943694.832342 trying connect
1585943694.832420 add peer 0x101d1b000: 7 (0x0)
1585943694.833431 sending message 100 to peer 0x101d1b000 (4 bytes)
1585943694.833451 sending message 101 to peer 0x101d1b000 (7 bytes)
1585943694.833459 sending message 102 to peer 0x101d1b000 (13 bytes)
1585943694.833466 sending message 108 to peer 0x101d1b000 (22 bytes)
1585943694.833480 sending message 104 to peer 0x101d1b000 (0 bytes)
1585943694.833486 sending message 107 to peer 0x101d1b000 (4 bytes)
1585943694.833493 sending message 105 to peer 0x101d1b000 (45 bytes)
1585943694.833499 sending message 105 to peer 0x101d1b000 (20 bytes)
1585943694.833505 sending message 105 to peer 0x101d1b000 (22 bytes)
1585943694.833511 sending message 105 to peer 0x101d1b000 (42 bytes)
1585943694.833518 sending message 105 to peer 0x101d1b000 (82 bytes)
1585943694.833524 sending message 105 to peer 0x101d1b000 (16 bytes)
1585943694.833530 sending message 105 to peer 0x101d1b000 (17 bytes)
1585943694.833537 sending message 105 to peer 0x101d1b000 (48 bytes)
1585943694.833543 sending message 105 to peer 0x101d1b000 (17 bytes)
1585943694.833549 sending message 105 to peer 0x101d1b000 (8 bytes)
1585943694.833555 sending message 105 to peer 0x101d1b000 (13 bytes)
1585943694.833562 sending message 105 to peer 0x101d1b000 (32 bytes)
1585943694.833568 sending message 105 to peer 0x101d1b000 (106 bytes)
1585943694.833574 sending message 105 to peer 0x101d1b000 (54 bytes)
1585943694.833580 sending message 105 to peer 0x101d1b000 (48 bytes)
1585943694.833587 sending message 105 to peer 0x101d1b000 (52 bytes)
1585943694.833593 sending message 105 to peer 0x101d1b000 (16 bytes)
1585943694.833599 sending message 105 to peer 0x101d1b000 (25 bytes)
1585943694.833605 sending message 105 to peer 0x101d1b000 (29 bytes)
1585943694.833611 sending message 105 to peer 0x101d1b000 (11 bytes)
1585943694.833618 sending message 105 to peer 0x101d1b000 (770 bytes)
1585943694.833624 sending message 105 to peer 0x101d1b000 (26 bytes)
1585943694.833631 sending message 105 to peer 0x101d1b000 (24 bytes)
1585943694.833637 sending message 105 to peer 0x101d1b000 (24 bytes)
1585943694.833643 sending message 105 to peer 0x101d1b000 (15 bytes)
1585943694.833649 sending message 105 to peer 0x101d1b000 (8 bytes)
1585943694.833656 sending message 105 to peer 0x101d1b000 (66 bytes)
1585943694.833662 sending message 105 to peer 0x101d1b000 (12 bytes)
1585943694.833668 sending message 105 to peer 0x101d1b000 (19 bytes)
1585943694.833674 sending message 105 to peer 0x101d1b000 (27 bytes)
1585943694.833680 sending message 105 to peer 0x101d1b000 (57 bytes)
1585943694.833687 sending message 105 to peer 0x101d1b000 (43 bytes)
1585943694.833693 sending message 105 to peer 0x101d1b000 (13 bytes)
1585943694.833699 sending message 105 to peer 0x101d1b000 (10 bytes)
1585943694.833706 sending message 105 to peer 0x101d1b000 (14 bytes)
1585943694.833712 sending message 105 to peer 0x101d1b000 (19 bytes)
1585943694.833718 sending message 105 to peer 0x101d1b000 (27 bytes)
1585943694.833724 sending message 105 to peer 0x101d1b000 (38 bytes)
1585943694.833730 sending message 105 to peer 0x101d1b000 (20 bytes)
1585943694.833737 sending message 105 to peer 0x101d1b000 (14 bytes)
1585943694.833743 sending message 105 to peer 0x101d1b000 (34 bytes)
1585943694.833749 sending message 105 to peer 0x101d1b000 (15 bytes)
1585943694.833755 sending message 105 to peer 0x101d1b000 (27 bytes)
1585943694.833761 sending message 105 to peer 0x101d1b000 (18 bytes)
1585943694.833767 sending message 105 to peer 0x101d1b000 (10 bytes)
1585943694.833774 sending message 105 to peer 0x101d1b000 (14 bytes)
1585943694.833780 sending message 105 to peer 0x101d1b000 (18 bytes)
1585943694.833786 sending message 105 to peer 0x101d1b000 (20 bytes)
1585943694.833803 sending message 105 to peer 0x101d1b000 (26 bytes)
1585943694.833808 sending message 105 to peer 0x101d1b000 (23 bytes)
1585943694.833812 sending message 105 to peer 0x101d1b000 (23 bytes)
1585943694.833816 sending message 105 to peer 0x101d1b000 (11 bytes)
1585943694.833820 sending message 105 to peer 0x101d1b000 (16 bytes)
1585943694.833824 sending message 105 to peer 0x101d1b000 (15 bytes)
1585943694.833828 sending message 105 to peer 0x101d1b000 (15 bytes)
1585943694.833832 sending message 105 to peer 0x101d1b000 (15 bytes)
1585943694.833836 sending message 105 to peer 0x101d1b000 (23 bytes)
1585943694.833840 sending message 105 to peer 0x101d1b000 (15 bytes)
1585943694.833845 sending message 105 to peer 0x101d1b000 (17 bytes)
1585943694.833849 sending message 105 to peer 0x101d1b000 (9 bytes)
1585943694.833853 sending message 105 to peer 0x101d1b000 (17 bytes)
1585943694.833857 sending message 105 to peer 0x101d1b000 (14 bytes)
1585943694.833861 sending message 105 to peer 0x101d1b000 (28 bytes)
1585943694.833865 sending message 105 to peer 0x101d1b000 (20 bytes)
1585943694.833869 sending message 105 to peer 0x101d1b000 (17 bytes)
1585943694.833873 sending message 105 to peer 0x101d1b000 (22 bytes)
1585943694.833877 sending message 105 to peer 0x101d1b000 (20 bytes)
1585943694.833881 sending message 105 to peer 0x101d1b000 (21 bytes)
1585943694.833885 sending message 105 to peer 0x101d1b000 (24 bytes)
1585943694.833889 sending message 105 to peer 0x101d1b000 (18 bytes)
1585943694.833893 sending message 105 to peer 0x101d1b000 (22 bytes)
1585943694.833897 sending message 106 to peer 0x101d1b000 (0 bytes)
1585943694.833904 sending message 200 to peer 0x101d1b000 (4 bytes)
1585943694.833908 client loop enter
1585943694.834125 peer 0x101d1b000 message 211
1585943694.834133 client_write: sessions should be nested with care, unset $TMUX to force\n
1585943694.834148 peer 0x101d1b000 message 203
1585943694.834153 client loop exit
